<?xml version="1.0" encoding="UTF-8"?>
<!-- Generated by org.testng.reporters.JUnitXMLReporter -->
<testsuite ignored="0" hostname="Rakshits-MacBook-Pro.local" failures="0" tests="1" name="Tachyon Integration Tests" time="0.174" errors="0" timestamp="2022-12-21T17:39:29 IST">
  <testcase classname="commonMethods.BaseClass" name="@BeforeTest setup" time="0.111">
    <failure type="java.lang.NoSuchMethodError" message="&amp;apos;com.google.common.collect.ImmutableMap com.google.common.collect.ImmutableMap.of(java.lang.Object, java.lang.Object, java.lang.Object, java.lang.Object, java.lang.Object, java.lang.Object, java.lang.Object, java.lang.Object, java.lang.Object, java.lang.Object, java.lang.Object, java.lang.Object)&amp;apos;">
      <![CDATA[java.lang.NoSuchMethodError: 'com.google.common.collect.ImmutableMap com.google.common.collect.ImmutableMap.of(java.lang.Object, java.lang.Object, java.lang.Object, java.lang.Object, java.lang.Object, java.lang.Object, java.lang.Object, java.lang.Object, java.lang.Object, java.lang.Object, java.lang.Object, java.lang.Object)'
at org.openqa.selenium.chrome.AddHasCasting.getAdditionalCommands(AddHasCasting.java:38)
at org.openqa.selenium.chrome.ChromeDriver$ChromeDriverCommandExecutor.getExtraCommands(ChromeDriver.java:98)
at org.openqa.selenium.chrome.ChromeDriver$ChromeDriverCommandExecutor.<init>(ChromeDriver.java:93)
at org.openqa.selenium.chrome.ChromeDriver.<init>(ChromeDriver.java:81)
at org.openqa.selenium.chrome.ChromeDriver.<init>(ChromeDriver.java:49)
at commonMethods.BaseClass.setup(BaseClass.java:26)
... Removed 24 stack frames]]>
    </failure>
  </testcase> <!-- @BeforeTest setup -->
  <testcase classname="commonMethods.BaseClass" name="@AfterMethod takeSnapShot" time="-1.671624569077E9">
    <skipped/>
  </testcase> <!-- @AfterMethod takeSnapShot -->
  <testcase classname="commonMethods.BaseClass" name="@AfterTest teardown" time="-1.671624569082E9">
    <skipped/>
  </testcase> <!-- @AfterTest teardown -->
  <testcase classname="tachyonTestScripts.UrbanPitaraTestScript" name="urbanPitaraMethodForSuccessTransactionScenario" time="0.0">
    <skipped/>
  </testcase> <!-- urbanPitaraMethodForSuccessTransactionScenario -->
</testsuite> <!-- Tachyon Integration Tests -->
