<?xml version="1.0" encoding="UTF-8"?>
<!-- Generated by org.testng.reporters.JUnitXMLReporter -->
<testsuite ignored="3" hostname="SIMPL-INTG-014" failures="0" tests="0" time="0.009" errors="0" timestamp="2022-12-26T14:24:09 IST">
  <testcase classname="tachyonTestScripts.ClassiCuirTestScript" name="ClassiCuirMethodWrongOTPScenario" time="0.0">
    <ignored/>
  </testcase> <!-- ClassiCuirMethodWrongOTPScenario -->
  <testcase classname="tachyonTestScripts.ClassiCuirTestScript" name="ClassiCuirMethodUsingAjaxCartButtonApprovedScenario" time="0.0">
    <ignored/>
  </testcase> <!-- ClassiCuirMethodUsingAjaxCartButtonApprovedScenario -->
  <testcase classname="tachyonTestScripts.ClassiCuirTestScript" name="ClassiCuirMethodUsingPDPPageButtonUnapprovedScenario" time="0.0">
    <ignored/>
  </testcase> <!-- ClassiCuirMethodUsingPDPPageButtonUnapprovedScenario -->
</testsuite>
