<?xml version="1.0" encoding="UTF-8"?>
<!-- Generated by org.testng.reporters.JUnitXMLReporter -->
<testsuite ignored="4" hostname="SIMPL-INTG-014" failures="0" tests="1" name="Integration Tests" time="34.023" errors="0" timestamp="2023-01-09T20:30:55 IST">
  <testcase classname="tachyonTestScripts_MWeb.MuseWearablesTestScript" name="MuseWearablesaMethodPriceComparisonScenario" time="28.515"/>
  <testcase classname="tachyonTestScripts_MWeb.MuseWearablesTestScript" name="MuseWearablesMethodUsingAjaxCartButtonApprovedScenario" time="0.0">
    <ignored/>
  </testcase> <!-- MuseWearablesMethodUsingAjaxCartButtonApprovedScenario -->
  <testcase classname="tachyonTestScripts_MWeb.MuseWearablesTestScript" name="MuseWearablesMethodWrongOTPScenario" time="0.0">
    <ignored/>
  </testcase> <!-- MuseWearablesMethodWrongOTPScenario -->
  <testcase classname="tachyonTestScripts_MWeb.MuseWearablesTestScript" name="MuseWearablesMethodUsingPDPPageButtonApprovedScenario" time="0.0">
    <ignored/>
  </testcase> <!-- MuseWearablesMethodUsingPDPPageButtonApprovedScenario -->
  <testcase classname="tachyonTestScripts_MWeb.MuseWearablesTestScript" name="MuseWearablesMethodUsingPDPPageButtonUnapprovedScenario" time="0.0">
    <ignored/>
  </testcase> <!-- MuseWearablesMethodUsingPDPPageButtonUnapprovedScenario -->
</testsuite> <!-- Integration Tests -->
