<?xml version="1.0" encoding="UTF-8"?>
<testng-results ignored="0" total="1" passed="1" failed="0" skipped="0">
  <reporter-output>
  </reporter-output>
  <suite started-at="2023-01-20T14:42:09 IST" name="Tachyon Web Automation Merchant Testing Suite" finished-at="2023-01-20T14:42:37 IST" duration-ms="28443">
    <groups>
    </groups>
    <test started-at="2023-01-20T14:42:09 IST" name="Integration Tests" finished-at="2023-01-20T14:42:37 IST" duration-ms="28443">
      <class name="tachyonTestScripts.ChargingcableTestScript">
        <test-method is-config="true" signature="setup()[pri:0, instance:tachyonTestScripts.ChargingcableTestScript@7c711375]" started-at="2023-01-20T14:42:09 IST" name="setup" finished-at="2023-01-20T14:42:15 IST" duration-ms="6097" status="PASS">
          <reporter-output>
          </reporter-output>
        </test-method> <!-- setup -->
        <test-method signature="ChargingcableMethodCTAButtonStatusCheck()[pri:1, instance:tachyonTestScripts.ChargingcableTestScript@7c711375]" started-at="2023-01-20T14:42:15 IST" name="ChargingcableMethodCTAButtonStatusCheck" finished-at="2023-01-20T14:42:37 IST" duration-ms="22187" status="PASS">
          <reporter-output>
          </reporter-output>
        </test-method> <!-- ChargingcableMethodCTAButtonStatusCheck -->
        <test-method is-config="true" signature="takeSnapShot(org.testng.ITestResult)[pri:0, instance:tachyonTestScripts.ChargingcableTestScript@7c711375]" started-at="2023-01-20T14:42:37 IST" name="takeSnapShot" finished-at="2023-01-20T14:42:37 IST" duration-ms="2" status="PASS">
          <params>
            <param index="0">
              <value>
                <![CDATA[[TestResult name=ChargingcableMethodCTAButtonStatusCheck status=SUCCESS method=ChargingcableTestScript.ChargingcableMethodCTAButtonStatusCheck()[pri:1, instance:tachyonTestScripts.ChargingcableTestScript@7c711375] output={null}]]]>
              </value>
            </param>
          </params>
          <reporter-output>
          </reporter-output>
        </test-method> <!-- takeSnapShot -->
        <test-method is-config="true" signature="teardown()[pri:0, instance:tachyonTestScripts.ChargingcableTestScript@7c711375]" started-at="2023-01-20T14:42:37 IST" name="teardown" finished-at="2023-01-20T14:42:37 IST" duration-ms="118" status="PASS">
          <reporter-output>
          </reporter-output>
        </test-method> <!-- teardown -->
      </class> <!-- tachyonTestScripts.ChargingcableTestScript -->
    </test> <!-- Integration Tests -->
  </suite> <!-- Tachyon Web Automation Merchant Testing Suite -->
</testng-results>
